[2025-09-03T02:10:01.423+0000] {local_task_job_runner.py:120} INFO - ::group::Pre task execution logs
[2025-09-03T02:10:01.444+0000] {taskinstance.py:2073} INFO - Dependencies all met for dep_context=non-requeueable deps ti=<TaskInstance: fetch_stock_data.fetch_task scheduled__2025-09-03T02:05:00+00:00 [queued]>
[2025-09-03T02:10:01.450+0000] {taskinstance.py:2073} INFO - Dependencies all met for dep_context=requeueable deps ti=<TaskInstance: fetch_stock_data.fetch_task scheduled__2025-09-03T02:05:00+00:00 [queued]>
[2025-09-03T02:10:01.450+0000] {taskinstance.py:2303} INFO - Starting attempt 1 of 1
[2025-09-03T02:10:01.461+0000] {taskinstance.py:2327} INFO - Executing <Task(PythonOperator): fetch_task> on 2025-09-03 02:05:00+00:00
[2025-09-03T02:10:01.465+0000] {warnings.py:110} WARNING - /home/***/.local/lib/python3.12/site-packages/***/task/task_runner/standard_task_runner.py:61: DeprecationWarning: This process (pid=64) is multi-threaded, use of fork() may lead to deadlocks in the child.
  pid = os.fork()

[2025-09-03T02:10:01.466+0000] {standard_task_runner.py:63} INFO - Started process 65 to run task
[2025-09-03T02:10:01.466+0000] {standard_task_runner.py:90} INFO - Running: ['***', 'tasks', 'run', 'fetch_stock_data', 'fetch_task', 'scheduled__2025-09-03T02:05:00+00:00', '--job-id', '9', '--raw', '--subdir', 'DAGS_FOLDER/fetch_stock_dag.py', '--cfg-path', '/tmp/tmp5p7qo8ar']
[2025-09-03T02:10:01.468+0000] {standard_task_runner.py:91} INFO - Job 9: Subtask fetch_task
[2025-09-03T02:10:01.480+0000] {warnings.py:110} WARNING - /home/***/.local/lib/python3.12/site-packages/***/settings.py:195: DeprecationWarning: The sql_alchemy_conn option in [core] has been moved to the sql_alchemy_conn option in [database] - the old setting has been used, but please update your config.
  SQL_ALCHEMY_CONN = conf.get("database", "SQL_ALCHEMY_CONN")

[2025-09-03T02:10:01.508+0000] {task_command.py:426} INFO - Running <TaskInstance: fetch_stock_data.fetch_task scheduled__2025-09-03T02:05:00+00:00 [running]> on host 4918e23f3275
[2025-09-03T02:10:01.574+0000] {taskinstance.py:2644} INFO - Exporting env vars: AIRFLOW_CTX_DAG_OWNER='***' AIRFLOW_CTX_DAG_ID='fetch_stock_data' AIRFLOW_CTX_TASK_ID='fetch_task' AIRFLOW_CTX_EXECUTION_DATE='2025-09-03T02:05:00+00:00' AIRFLOW_CTX_TRY_NUMBER='1' AIRFLOW_CTX_DAG_RUN_ID='scheduled__2025-09-03T02:05:00+00:00'
[2025-09-03T02:10:01.574+0000] {taskinstance.py:430} INFO - ::endgroup::
[2025-09-03T02:10:01.587+0000] {logging_mixin.py:188} INFO - Fetching stock data...
[2025-09-03T02:10:01.587+0000] {python.py:237} INFO - Done. Returned value was: None
[2025-09-03T02:10:01.587+0000] {taskinstance.py:441} INFO - ::group::Post task execution logs
[2025-09-03T02:10:01.595+0000] {taskinstance.py:1205} INFO - Marking task as SUCCESS. dag_id=fetch_stock_data, task_id=fetch_task, execution_date=20250903T020500, start_date=20250903T021001, end_date=20250903T021001
[2025-09-03T02:10:01.640+0000] {local_task_job_runner.py:240} INFO - Task exited with return code 0
[2025-09-03T02:10:01.652+0000] {taskinstance.py:3482} INFO - 0 downstream tasks scheduled from follow-on schedule check
[2025-09-03T02:10:01.653+0000] {local_task_job_runner.py:222} INFO - ::endgroup::
