[2025-09-03T02:05:44.174+0000] {local_task_job_runner.py:120} INFO - ::group::Pre task execution logs
[2025-09-03T02:05:44.195+0000] {taskinstance.py:2073} INFO - Dependencies all met for dep_context=non-requeueable deps ti=<TaskInstance: fetch_stock_data.fetch_task manual__2025-09-03T02:05:43.136553+00:00 [queued]>
[2025-09-03T02:05:44.201+0000] {taskinstance.py:2073} INFO - Dependencies all met for dep_context=requeueable deps ti=<TaskInstance: fetch_stock_data.fetch_task manual__2025-09-03T02:05:43.136553+00:00 [queued]>
[2025-09-03T02:05:44.201+0000] {taskinstance.py:2303} INFO - Starting attempt 1 of 1
[2025-09-03T02:05:44.215+0000] {taskinstance.py:2327} INFO - Executing <Task(PythonOperator): fetch_task> on 2025-09-03 02:05:43.136553+00:00
[2025-09-03T02:05:44.219+0000] {warnings.py:110} WARNING - /home/***/.local/lib/python3.12/site-packages/***/task/task_runner/standard_task_runner.py:61: DeprecationWarning: This process (pid=62) is multi-threaded, use of fork() may lead to deadlocks in the child.
  pid = os.fork()

[2025-09-03T02:05:44.220+0000] {standard_task_runner.py:63} INFO - Started process 63 to run task
[2025-09-03T02:05:44.220+0000] {standard_task_runner.py:90} INFO - Running: ['***', 'tasks', 'run', 'fetch_stock_data', 'fetch_task', 'manual__2025-09-03T02:05:43.136553+00:00', '--job-id', '8', '--raw', '--subdir', 'DAGS_FOLDER/fetch_stock_dag.py', '--cfg-path', '/tmp/tmpy5cmtduf']
[2025-09-03T02:05:44.222+0000] {standard_task_runner.py:91} INFO - Job 8: Subtask fetch_task
[2025-09-03T02:05:44.236+0000] {warnings.py:110} WARNING - /home/***/.local/lib/python3.12/site-packages/***/settings.py:195: DeprecationWarning: The sql_alchemy_conn option in [core] has been moved to the sql_alchemy_conn option in [database] - the old setting has been used, but please update your config.
  SQL_ALCHEMY_CONN = conf.get("database", "SQL_ALCHEMY_CONN")

[2025-09-03T02:05:44.266+0000] {task_command.py:426} INFO - Running <TaskInstance: fetch_stock_data.fetch_task manual__2025-09-03T02:05:43.136553+00:00 [running]> on host 4918e23f3275
[2025-09-03T02:05:44.343+0000] {taskinstance.py:2644} INFO - Exporting env vars: AIRFLOW_CTX_DAG_OWNER='***' AIRFLOW_CTX_DAG_ID='fetch_stock_data' AIRFLOW_CTX_TASK_ID='fetch_task' AIRFLOW_CTX_EXECUTION_DATE='2025-09-03T02:05:43.136553+00:00' AIRFLOW_CTX_TRY_NUMBER='1' AIRFLOW_CTX_DAG_RUN_ID='manual__2025-09-03T02:05:43.136553+00:00'
[2025-09-03T02:05:44.343+0000] {taskinstance.py:430} INFO - ::endgroup::
[2025-09-03T02:05:44.353+0000] {logging_mixin.py:188} INFO - Fetching stock data...
[2025-09-03T02:05:44.354+0000] {python.py:237} INFO - Done. Returned value was: None
[2025-09-03T02:05:44.354+0000] {taskinstance.py:441} INFO - ::group::Post task execution logs
[2025-09-03T02:05:44.363+0000] {taskinstance.py:1205} INFO - Marking task as SUCCESS. dag_id=fetch_stock_data, task_id=fetch_task, execution_date=20250903T020543, start_date=20250903T020544, end_date=20250903T020544
[2025-09-03T02:05:44.394+0000] {local_task_job_runner.py:240} INFO - Task exited with return code 0
[2025-09-03T02:05:44.406+0000] {taskinstance.py:3482} INFO - 0 downstream tasks scheduled from follow-on schedule check
[2025-09-03T02:05:44.407+0000] {local_task_job_runner.py:222} INFO - ::endgroup::
